2023-03-10 14:57:41.504 [info] Reading sessions from keychain...
2023-03-10 14:57:41.504 [info] Getting sessions for user:email...
2023-03-10 14:57:41.504 [info] Getting sessions for all scopes...
2023-03-10 14:57:41.504 [info] Got 0 sessions for user:email...
2023-03-10 14:57:41.504 [info] Got 0 sessions for ...
2023-03-10 14:57:42.830 [info] Getting sessions for all scopes...
2023-03-10 14:57:42.830 [info] Got 0 sessions for ...
2023-03-10 15:49:26.840 [info] Getting sessions for read:user,repo,user:email,workflow...
2023-03-10 15:49:26.866 [info] Got 0 sessions for read:user,repo,user:email,workflow...
2023-03-10 15:49:29.173 [info] Logging in for the following scopes: read:user repo user:email workflow
2023-03-10 15:49:29.193 [info] Trying without local server... (read:user repo user:email workflow)
2023-03-10 15:49:36.634 [info] Exchanging code for token...
2023-03-10 15:49:37.461 [info] Token exchange success!
2023-03-10 15:49:37.462 [info] Getting user info...
2023-03-10 15:49:37.925 [info] Got account info!
2023-03-10 15:49:37.926 [info] Storing 1 sessions...
2023-03-10 15:49:38.270 [info] Reading sessions from keychain...
2023-03-10 15:49:38.270 [info] Stored 1 sessions!
2023-03-10 15:49:38.270 [info] Login success!
2023-03-10 15:49:38.271 [info] Getting sessions for user:email...
2023-03-10 15:49:38.275 [info] Got stored sessions!
2023-03-10 15:49:38.275 [info] Got 1 verified sessions.
2023-03-10 15:49:38.275 [info] Got 0 sessions for user:email...
2023-03-10 15:49:38.956 [info] Getting user info...
2023-03-10 15:49:39.360 [info] Got account info!
