2023-03-09 17:38:24.926 [info] Log level: Info
2023-03-09 17:38:24.926 [info] Validating found git in: "git"
2023-03-09 17:38:24.926 [info] Using git "2.39.2" from "git"
2023-03-09 17:38:24.926 [info] > git rev-parse --show-toplevel [4ms]
2023-03-09 17:38:24.926 [info] fatal: not a git repository (or any parent up to mount point /)
Stopping at filesystem boundary (GIT_DISCOVERY_ACROSS_FILESYSTEM not set).
2023-03-09 17:38:24.926 [info] > git rev-parse --show-toplevel [8ms]
2023-03-09 17:38:24.926 [info] fatal: not a git repository (or any parent up to mount point /)
Stopping at filesystem boundary (GIT_DISCOVERY_ACROSS_FILESYSTEM not set).
2023-03-09 17:38:24.926 [info] > git rev-parse --show-toplevel [145ms]
2023-03-09 17:38:24.926 [info] fatal: not a git repository (or any parent up to mount point /)
Stopping at filesystem boundary (GIT_DISCOVERY_ACROSS_FILESYSTEM not set).
2023-03-09 17:38:24.926 [info] > git rev-parse --show-toplevel [1ms]
2023-03-09 17:38:24.926 [info] fatal: not a git repository (or any parent up to mount point /)
Stopping at filesystem boundary (GIT_DISCOVERY_ACROSS_FILESYSTEM not set).
2023-03-09 17:38:24.953 [info] > git rev-parse --show-toplevel [3ms]
2023-03-09 17:38:24.953 [info] fatal: not a git repository (or any parent up to mount point /)
Stopping at filesystem boundary (GIT_DISCOVERY_ACROSS_FILESYSTEM not set).
2023-03-09 17:38:25.087 [info] > git rev-parse --show-toplevel [1ms]
2023-03-09 17:38:25.087 [info] fatal: not a git repository (or any parent up to mount point /)
Stopping at filesystem boundary (GIT_DISCOVERY_ACROSS_FILESYSTEM not set).
2023-03-09 17:38:25.121 [info] > git rev-parse --show-toplevel [3ms]
2023-03-09 17:38:25.121 [info] fatal: not a git repository (or any parent up to mount point /)
Stopping at filesystem boundary (GIT_DISCOVERY_ACROSS_FILESYSTEM not set).
2023-03-09 17:38:25.656 [info] > git rev-parse --show-toplevel [146ms]
2023-03-09 17:38:25.656 [info] fatal: not a git repository (or any parent up to mount point /)
Stopping at filesystem boundary (GIT_DISCOVERY_ACROSS_FILESYSTEM not set).
2023-03-09 17:38:32.892 [info] > git rev-parse --show-toplevel [2ms]
2023-03-09 17:38:32.892 [info] fatal: not a git repository (or any parent up to mount point /)
Stopping at filesystem boundary (GIT_DISCOVERY_ACROSS_FILESYSTEM not set).
2023-03-09 17:41:24.529 [info] > git rev-parse --show-toplevel [2ms]
2023-03-09 17:41:24.529 [info] fatal: not a git repository (or any parent up to mount point /)
Stopping at filesystem boundary (GIT_DISCOVERY_ACROSS_FILESYSTEM not set).
