2023-03-10 14:57:42.052 [info] Log level: Info
2023-03-10 14:57:42.052 [info] Validating found git in: "git"
2023-03-10 14:57:42.052 [info] Using git "2.39.2" from "git"
2023-03-10 14:57:42.052 [info] > git rev-parse --show-toplevel [9ms]
2023-03-10 14:57:42.052 [info] fatal: not a git repository (or any parent up to mount point /)
Stopping at filesystem boundary (GIT_DISCOVERY_ACROSS_FILESYSTEM not set).
2023-03-10 14:57:42.052 [info] > git rev-parse --show-toplevel [132ms]
2023-03-10 14:57:42.053 [info] > git rev-parse --git-dir --git-common-dir [17ms]
2023-03-10 14:57:42.063 [info] Open repository: /home/cp/cp-blog/CP-Snippets
2023-03-10 14:57:42.086 [info] > git rev-parse --show-toplevel [13ms]
2023-03-10 14:57:42.102 [info] > git rev-parse --git-dir --git-common-dir [7ms]
2023-03-10 14:57:42.109 [info] Open repository: /home/cp/cp-blog/NavneelSinghal.github.io
2023-03-10 14:57:42.112 [info] > git config --get commit.template [27ms]
2023-03-10 14:57:42.154 [info] > git config --get commit.template [15ms]
2023-03-10 14:57:42.155 [info] > git rev-parse --show-toplevel [22ms]
2023-03-10 14:57:42.155 [info] fatal: not a git repository (or any parent up to mount point /)
Stopping at filesystem boundary (GIT_DISCOVERY_ACROSS_FILESYSTEM not set).
2023-03-10 14:57:42.156 [info] > git for-each-ref --format=%(refname)%00%(upstream:short)%00%(objectname)%00%(upstream:track)%00%(upstream:remotename)%00%(upstream:remoteref) refs/heads/main refs/remotes/main [3ms]
2023-03-10 14:57:42.172 [info] > git status -z -uall [9ms]
2023-03-10 14:57:42.172 [info] > git for-each-ref --format=%(refname)%00%(upstream:short)%00%(objectname)%00%(upstream:track)%00%(upstream:remotename)%00%(upstream:remoteref) refs/heads/main refs/remotes/main [2ms]
2023-03-10 14:57:42.190 [info] > git status -z -uall [13ms]
2023-03-10 14:57:42.205 [info] > git config --get commit.template [16ms]
2023-03-10 14:57:42.222 [info] > git config --get commit.template [18ms]
2023-03-10 14:57:42.240 [info] > git for-each-ref --format=%(refname)%00%(upstream:short)%00%(objectname)%00%(upstream:track)%00%(upstream:remotename)%00%(upstream:remoteref) refs/heads/main refs/remotes/main [10ms]
2023-03-10 14:57:42.249 [info] > git for-each-ref --format=%(refname)%00%(upstream:short)%00%(objectname)%00%(upstream:track)%00%(upstream:remotename)%00%(upstream:remoteref) refs/heads/main refs/remotes/main [9ms]
2023-03-10 14:57:42.258 [info] > git status -z -uall [11ms]
2023-03-10 14:57:42.262 [info] > git status -z -uall [6ms]
2023-03-10 14:57:42.671 [info] > git check-ignore -v -z --stdin [18ms]
2023-03-10 14:57:42.672 [info] > git check-ignore -v -z --stdin [3ms]
2023-03-10 14:57:43.841 [info] > git check-ignore -v -z --stdin [31ms]
2023-03-10 14:57:46.113 [info] > git show --textconv :index.html [86ms]
2023-03-10 14:57:46.114 [info] > git ls-files --stage -- /home/cp/cp-blog/CP-Snippets/index.html [71ms]
2023-03-10 14:57:46.130 [info] > git cat-file -s 9753de056248478beba1c674b561658a4b9c140d [5ms]
2023-03-10 14:57:51.463 [info] > git show --textconv :.nojekyll [4ms]
2023-03-10 14:57:51.477 [info] > git ls-files --stage -- /home/cp/cp-blog/NavneelSinghal.github.io/.nojekyll [2ms]
2023-03-10 14:57:51.487 [info] > git cat-file -s e69de29bb2d1d6434b8b29ae775ad8c2e48c5391 [1ms]
2023-03-10 14:57:54.989 [info] > git check-ignore -v -z --stdin [2ms]
2023-03-10 14:57:59.775 [info] > git check-ignore -v -z --stdin [2ms]
2023-03-10 14:58:00.415 [info] > git show --textconv :includes/custom.css [16ms]
2023-03-10 14:58:00.416 [info] > git ls-files --stage -- /home/cp/cp-blog/NavneelSinghal.github.io/includes/custom.css [2ms]
2023-03-10 14:58:00.432 [info] > git cat-file -s e8302f2a426b7ff456865770462837330e40773f [3ms]
2023-03-10 14:58:15.385 [info] > git config --get commit.template [2ms]
2023-03-10 14:58:15.397 [info] > git for-each-ref --format=%(refname)%00%(upstream:short)%00%(objectname)%00%(upstream:track)%00%(upstream:remotename)%00%(upstream:remoteref) refs/heads/main refs/remotes/main [1ms]
2023-03-10 14:58:15.409 [info] > git status -z -uall [2ms]
2023-03-10 14:58:20.436 [info] > git config --get commit.template [2ms]
2023-03-10 14:58:20.451 [info] > git for-each-ref --format=%(refname)%00%(upstream:short)%00%(objectname)%00%(upstream:track)%00%(upstream:remotename)%00%(upstream:remoteref) refs/heads/main refs/remotes/main [2ms]
2023-03-10 14:58:20.463 [info] > git status -z -uall [2ms]
2023-03-10 14:58:25.509 [info] > git config --get commit.template [18ms]
2023-03-10 14:58:25.512 [info] > git for-each-ref --format=%(refname)%00%(upstream:short)%00%(objectname)%00%(upstream:track)%00%(upstream:remotename)%00%(upstream:remoteref) refs/heads/main refs/remotes/main [6ms]
2023-03-10 14:58:25.530 [info] > git status -z -uall [4ms]
2023-03-10 14:58:35.407 [info] > git for-each-ref --format=%(refname)%00%(upstream:short)%00%(objectname)%00%(upstream:track)%00%(upstream:remotename)%00%(upstream:remoteref) refs/heads/main refs/remotes/main [1ms]
2023-03-10 14:58:35.408 [info] > git config --get commit.template [24ms]
2023-03-10 14:58:35.426 [info] > git status -z -uall [4ms]
2023-03-10 14:58:40.465 [info] > git config --get commit.template [20ms]
2023-03-10 14:58:40.466 [info] > git for-each-ref --format=%(refname)%00%(upstream:short)%00%(objectname)%00%(upstream:track)%00%(upstream:remotename)%00%(upstream:remoteref) refs/heads/main refs/remotes/main [3ms]
2023-03-10 14:58:40.480 [info] > git status -z -uall [3ms]
2023-03-10 14:58:45.515 [info] > git config --get commit.template [16ms]
2023-03-10 14:58:45.516 [info] > git for-each-ref --format=%(refname)%00%(upstream:short)%00%(objectname)%00%(upstream:track)%00%(upstream:remotename)%00%(upstream:remoteref) refs/heads/main refs/remotes/main [3ms]
2023-03-10 14:58:45.529 [info] > git status -z -uall [3ms]
2023-03-10 14:58:50.558 [info] > git config --get commit.template [12ms]
2023-03-10 14:58:50.559 [info] > git for-each-ref --format=%(refname)%00%(upstream:short)%00%(objectname)%00%(upstream:track)%00%(upstream:remotename)%00%(upstream:remoteref) refs/heads/main refs/remotes/main [2ms]
2023-03-10 14:58:50.572 [info] > git status -z -uall [3ms]
2023-03-10 14:58:55.607 [info] > git config --get commit.template [17ms]
2023-03-10 14:58:55.609 [info] > git for-each-ref --format=%(refname)%00%(upstream:short)%00%(objectname)%00%(upstream:track)%00%(upstream:remotename)%00%(upstream:remoteref) refs/heads/main refs/remotes/main [7ms]
2023-03-10 14:58:55.623 [info] > git status -z -uall [3ms]
2023-03-10 14:59:07.958 [info] > git config --get commit.template [2ms]
2023-03-10 14:59:07.969 [info] > git for-each-ref --format=%(refname)%00%(upstream:short)%00%(objectname)%00%(upstream:track)%00%(upstream:remotename)%00%(upstream:remoteref) refs/heads/main refs/remotes/main [1ms]
2023-03-10 14:59:07.979 [info] > git status -z -uall [2ms]
2023-03-10 15:00:30.079 [info] > git check-ignore -v -z --stdin [3ms]
2023-03-10 15:00:31.427 [info] > git show --textconv :scripts/site-gen.js [41ms]
2023-03-10 15:00:31.436 [info] > git ls-files --stage -- /home/cp/cp-blog/CP-Snippets/scripts/site-gen.js [13ms]
2023-03-10 15:00:31.455 [info] > git cat-file -s a9eb8e9221b5fa39b934c4e65a9fb45601a734ff [4ms]
2023-03-10 15:00:38.353 [info] > git config --get commit.template [25ms]
2023-03-10 15:00:38.356 [info] > git for-each-ref --format=%(refname)%00%(upstream:short)%00%(objectname)%00%(upstream:track)%00%(upstream:remotename)%00%(upstream:remoteref) refs/heads/main refs/remotes/main [4ms]
2023-03-10 15:00:38.383 [info] > git status -z -uall [4ms]
2023-03-10 15:00:53.752 [info] > git config --get commit.template [15ms]
2023-03-10 15:00:53.753 [info] > git for-each-ref --format=%(refname)%00%(upstream:short)%00%(objectname)%00%(upstream:track)%00%(upstream:remotename)%00%(upstream:remoteref) refs/heads/main refs/remotes/main [1ms]
2023-03-10 15:00:53.769 [info] > git status -z -uall [3ms]
2023-03-10 15:01:21.267 [info] > git config --get commit.template [2ms]
2023-03-10 15:01:21.281 [info] > git for-each-ref --format=%(refname)%00%(upstream:short)%00%(objectname)%00%(upstream:track)%00%(upstream:remotename)%00%(upstream:remoteref) refs/heads/main refs/remotes/main [2ms]
2023-03-10 15:01:21.296 [info] > git status -z -uall [3ms]
2023-03-10 15:01:40.604 [info] > git config --get commit.template [3ms]
2023-03-10 15:01:40.618 [info] > git for-each-ref --format=%(refname)%00%(upstream:short)%00%(objectname)%00%(upstream:track)%00%(upstream:remotename)%00%(upstream:remoteref) refs/heads/main refs/remotes/main [2ms]
2023-03-10 15:01:40.632 [info] > git status -z -uall [2ms]
2023-03-10 15:01:47.645 [info] > git config --get commit.template [12ms]
2023-03-10 15:01:47.647 [info] > git for-each-ref --format=%(refname)%00%(upstream:short)%00%(objectname)%00%(upstream:track)%00%(upstream:remotename)%00%(upstream:remoteref) refs/heads/main refs/remotes/main [2ms]
2023-03-10 15:01:47.662 [info] > git status -z -uall [3ms]
2023-03-10 15:01:52.679 [info] > git config --get commit.template [2ms]
2023-03-10 15:01:52.692 [info] > git for-each-ref --format=%(refname)%00%(upstream:short)%00%(objectname)%00%(upstream:track)%00%(upstream:remotename)%00%(upstream:remoteref) refs/heads/main refs/remotes/main [2ms]
2023-03-10 15:01:52.704 [info] > git status -z -uall [3ms]
2023-03-10 15:01:57.735 [info] > git config --get commit.template [12ms]
2023-03-10 15:01:57.735 [info] > git for-each-ref --format=%(refname)%00%(upstream:short)%00%(objectname)%00%(upstream:track)%00%(upstream:remotename)%00%(upstream:remoteref) refs/heads/main refs/remotes/main [1ms]
2023-03-10 15:01:57.748 [info] > git status -z -uall [2ms]
2023-03-10 15:02:02.777 [info] > git config --get commit.template [12ms]
2023-03-10 15:02:02.778 [info] > git for-each-ref --format=%(refname)%00%(upstream:short)%00%(objectname)%00%(upstream:track)%00%(upstream:remotename)%00%(upstream:remoteref) refs/heads/main refs/remotes/main [1ms]
2023-03-10 15:02:02.790 [info] > git status -z -uall [2ms]
2023-03-10 15:02:07.818 [info] > git config --get commit.template [12ms]
2023-03-10 15:02:07.820 [info] > git for-each-ref --format=%(refname)%00%(upstream:short)%00%(objectname)%00%(upstream:track)%00%(upstream:remotename)%00%(upstream:remoteref) refs/heads/main refs/remotes/main [2ms]
2023-03-10 15:02:07.834 [info] > git status -z -uall [3ms]
2023-03-10 15:02:12.852 [info] > git config --get commit.template [2ms]
2023-03-10 15:02:12.865 [info] > git for-each-ref --format=%(refname)%00%(upstream:short)%00%(objectname)%00%(upstream:track)%00%(upstream:remotename)%00%(upstream:remoteref) refs/heads/main refs/remotes/main [3ms]
2023-03-10 15:02:12.878 [info] > git status -z -uall [3ms]
2023-03-10 15:02:17.895 [info] > git config --get commit.template [1ms]
2023-03-10 15:02:17.909 [info] > git for-each-ref --format=%(refname)%00%(upstream:short)%00%(objectname)%00%(upstream:track)%00%(upstream:remotename)%00%(upstream:remoteref) refs/heads/main refs/remotes/main [3ms]
2023-03-10 15:02:17.924 [info] > git status -z -uall [3ms]
2023-03-10 15:02:22.954 [info] > git config --get commit.template [12ms]
2023-03-10 15:02:22.955 [info] > git for-each-ref --format=%(refname)%00%(upstream:short)%00%(objectname)%00%(upstream:track)%00%(upstream:remotename)%00%(upstream:remoteref) refs/heads/main refs/remotes/main [2ms]
2023-03-10 15:02:22.969 [info] > git status -z -uall [3ms]
2023-03-10 15:02:27.998 [info] > git config --get commit.template [13ms]
2023-03-10 15:02:27.999 [info] > git for-each-ref --format=%(refname)%00%(upstream:short)%00%(objectname)%00%(upstream:track)%00%(upstream:remotename)%00%(upstream:remoteref) refs/heads/main refs/remotes/main [2ms]
2023-03-10 15:02:28.013 [info] > git status -z -uall [3ms]
2023-03-10 15:02:33.052 [info] > git config --get commit.template [16ms]
2023-03-10 15:02:33.054 [info] > git for-each-ref --format=%(refname)%00%(upstream:short)%00%(objectname)%00%(upstream:track)%00%(upstream:remotename)%00%(upstream:remoteref) refs/heads/main refs/remotes/main [4ms]
2023-03-10 15:02:33.073 [info] > git status -z -uall [5ms]
2023-03-10 15:05:06.590 [info] > git config --get commit.template [22ms]
2023-03-10 15:05:06.592 [info] > git for-each-ref --format=%(refname)%00%(upstream:short)%00%(objectname)%00%(upstream:track)%00%(upstream:remotename)%00%(upstream:remoteref) refs/heads/main refs/remotes/main [3ms]
2023-03-10 15:05:06.615 [info] > git status -z -uall [7ms]
2023-03-10 15:05:43.391 [info] > git config --get commit.template [16ms]
2023-03-10 15:05:43.392 [info] > git for-each-ref --format=%(refname)%00%(upstream:short)%00%(objectname)%00%(upstream:track)%00%(upstream:remotename)%00%(upstream:remoteref) refs/heads/main refs/remotes/main [1ms]
2023-03-10 15:05:43.412 [info] > git status -z -uall [4ms]
2023-03-10 15:05:44.750 [info] > git check-ignore -v -z --stdin [3ms]
2023-03-10 15:06:07.841 [info] > git config --get commit.template [2ms]
2023-03-10 15:06:07.853 [info] > git for-each-ref --format=%(refname)%00%(upstream:short)%00%(objectname)%00%(upstream:track)%00%(upstream:remotename)%00%(upstream:remoteref) refs/heads/main refs/remotes/main [2ms]
2023-03-10 15:06:07.866 [info] > git status -z -uall [3ms]
2023-03-10 15:06:12.944 [info] > git config --get commit.template [13ms]
2023-03-10 15:06:12.945 [info] > git for-each-ref --format=%(refname)%00%(upstream:short)%00%(objectname)%00%(upstream:track)%00%(upstream:remotename)%00%(upstream:remoteref) refs/heads/main refs/remotes/main [2ms]
2023-03-10 15:06:12.958 [info] > git status -z -uall [2ms]
2023-03-10 15:06:17.976 [info] > git config --get commit.template [1ms]
2023-03-10 15:06:17.990 [info] > git for-each-ref --format=%(refname)%00%(upstream:short)%00%(objectname)%00%(upstream:track)%00%(upstream:remotename)%00%(upstream:remoteref) refs/heads/main refs/remotes/main [2ms]
2023-03-10 15:06:18.005 [info] > git status -z -uall [4ms]
2023-03-10 15:06:23.031 [info] > git config --get commit.template [4ms]
2023-03-10 15:06:23.043 [info] > git for-each-ref --format=%(refname)%00%(upstream:short)%00%(objectname)%00%(upstream:track)%00%(upstream:remotename)%00%(upstream:remoteref) refs/heads/main refs/remotes/main [2ms]
2023-03-10 15:06:23.055 [info] > git status -z -uall [2ms]
2023-03-10 15:06:32.032 [info] > git config --get commit.template [16ms]
2023-03-10 15:06:32.034 [info] > git for-each-ref --format=%(refname)%00%(upstream:short)%00%(objectname)%00%(upstream:track)%00%(upstream:remotename)%00%(upstream:remoteref) refs/heads/main refs/remotes/main [3ms]
2023-03-10 15:06:32.054 [info] > git status -z -uall [6ms]
2023-03-10 15:06:37.089 [info] > git config --get commit.template [14ms]
2023-03-10 15:06:37.090 [info] > git for-each-ref --format=%(refname)%00%(upstream:short)%00%(objectname)%00%(upstream:track)%00%(upstream:remotename)%00%(upstream:remoteref) refs/heads/main refs/remotes/main [2ms]
2023-03-10 15:06:37.105 [info] > git status -z -uall [3ms]
2023-03-10 15:06:42.121 [info] > git config --get commit.template [1ms]
2023-03-10 15:06:42.136 [info] > git for-each-ref --format=%(refname)%00%(upstream:short)%00%(objectname)%00%(upstream:track)%00%(upstream:remotename)%00%(upstream:remoteref) refs/heads/main refs/remotes/main [3ms]
2023-03-10 15:06:42.153 [info] > git status -z -uall [2ms]
2023-03-10 15:06:47.183 [info] > git config --get commit.template [13ms]
2023-03-10 15:06:47.184 [info] > git for-each-ref --format=%(refname)%00%(upstream:short)%00%(objectname)%00%(upstream:track)%00%(upstream:remotename)%00%(upstream:remoteref) refs/heads/main refs/remotes/main [2ms]
2023-03-10 15:06:47.200 [info] > git status -z -uall [4ms]
2023-03-10 15:06:52.230 [info] > git config --get commit.template [12ms]
2023-03-10 15:06:52.231 [info] > git for-each-ref --format=%(refname)%00%(upstream:short)%00%(objectname)%00%(upstream:track)%00%(upstream:remotename)%00%(upstream:remoteref) refs/heads/main refs/remotes/main [1ms]
2023-03-10 15:06:52.242 [info] > git status -z -uall [2ms]
2023-03-10 15:06:57.277 [info] > git config --get commit.template [19ms]
2023-03-10 15:06:57.278 [info] > git for-each-ref --format=%(refname)%00%(upstream:short)%00%(objectname)%00%(upstream:track)%00%(upstream:remotename)%00%(upstream:remoteref) refs/heads/main refs/remotes/main [2ms]
2023-03-10 15:06:57.292 [info] > git status -z -uall [3ms]
2023-03-10 15:07:02.309 [info] > git config --get commit.template [2ms]
2023-03-10 15:07:02.326 [info] > git for-each-ref --format=%(refname)%00%(upstream:short)%00%(objectname)%00%(upstream:track)%00%(upstream:remotename)%00%(upstream:remoteref) refs/heads/main refs/remotes/main [2ms]
2023-03-10 15:07:02.338 [info] > git status -z -uall [3ms]
2023-03-10 15:07:07.366 [info] > git config --get commit.template [12ms]
2023-03-10 15:07:07.367 [info] > git for-each-ref --format=%(refname)%00%(upstream:short)%00%(objectname)%00%(upstream:track)%00%(upstream:remotename)%00%(upstream:remoteref) refs/heads/main refs/remotes/main [2ms]
2023-03-10 15:07:07.380 [info] > git status -z -uall [3ms]
2023-03-10 15:07:12.408 [info] > git config --get commit.template [12ms]
2023-03-10 15:07:12.410 [info] > git for-each-ref --format=%(refname)%00%(upstream:short)%00%(objectname)%00%(upstream:track)%00%(upstream:remotename)%00%(upstream:remoteref) refs/heads/main refs/remotes/main [2ms]
2023-03-10 15:07:12.424 [info] > git status -z -uall [3ms]
2023-03-10 15:07:17.453 [info] > git config --get commit.template [13ms]
2023-03-10 15:07:17.455 [info] > git for-each-ref --format=%(refname)%00%(upstream:short)%00%(objectname)%00%(upstream:track)%00%(upstream:remotename)%00%(upstream:remoteref) refs/heads/main refs/remotes/main [2ms]
2023-03-10 15:07:17.470 [info] > git status -z -uall [4ms]
2023-03-10 15:07:22.502 [info] > git config --get commit.template [14ms]
2023-03-10 15:07:22.503 [info] > git for-each-ref --format=%(refname)%00%(upstream:short)%00%(objectname)%00%(upstream:track)%00%(upstream:remotename)%00%(upstream:remoteref) refs/heads/main refs/remotes/main [2ms]
2023-03-10 15:07:22.516 [info] > git status -z -uall [2ms]
2023-03-10 15:07:27.531 [info] > git config --get commit.template [1ms]
2023-03-10 15:07:27.542 [info] > git for-each-ref --format=%(refname)%00%(upstream:short)%00%(objectname)%00%(upstream:track)%00%(upstream:remotename)%00%(upstream:remoteref) refs/heads/main refs/remotes/main [2ms]
2023-03-10 15:07:27.555 [info] > git status -z -uall [4ms]
2023-03-10 15:07:33.959 [info] > git config --get commit.template [12ms]
2023-03-10 15:07:33.960 [info] > git for-each-ref --format=%(refname)%00%(upstream:short)%00%(objectname)%00%(upstream:track)%00%(upstream:remotename)%00%(upstream:remoteref) refs/heads/main refs/remotes/main [2ms]
2023-03-10 15:07:33.975 [info] > git status -z -uall [3ms]
2023-03-10 15:08:23.091 [info] > git config --get commit.template [2ms]
2023-03-10 15:08:23.104 [info] > git for-each-ref --format=%(refname)%00%(upstream:short)%00%(objectname)%00%(upstream:track)%00%(upstream:remotename)%00%(upstream:remoteref) refs/heads/main refs/remotes/main [2ms]
2023-03-10 15:08:23.115 [info] > git status -z -uall [2ms]
2023-03-10 15:08:29.486 [info] > git config --get commit.template [1ms]
2023-03-10 15:08:29.498 [info] > git for-each-ref --format=%(refname)%00%(upstream:short)%00%(objectname)%00%(upstream:track)%00%(upstream:remotename)%00%(upstream:remoteref) refs/heads/main refs/remotes/main [1ms]
2023-03-10 15:08:29.509 [info] > git status -z -uall [2ms]
2023-03-10 15:08:34.525 [info] > git config --get commit.template [2ms]
2023-03-10 15:08:34.537 [info] > git for-each-ref --format=%(refname)%00%(upstream:short)%00%(objectname)%00%(upstream:track)%00%(upstream:remotename)%00%(upstream:remoteref) refs/heads/main refs/remotes/main [2ms]
2023-03-10 15:08:34.549 [info] > git status -z -uall [2ms]
2023-03-10 15:11:34.814 [info] > git config --get commit.template [29ms]
2023-03-10 15:11:34.818 [info] > git for-each-ref --format=%(refname)%00%(upstream:short)%00%(objectname)%00%(upstream:track)%00%(upstream:remotename)%00%(upstream:remoteref) refs/heads/main refs/remotes/main [8ms]
2023-03-10 15:11:34.842 [info] > git status -z -uall [5ms]
2023-03-10 15:11:41.394 [info] > git config --get commit.template [1ms]
2023-03-10 15:11:41.407 [info] > git for-each-ref --format=%(refname)%00%(upstream:short)%00%(objectname)%00%(upstream:track)%00%(upstream:remotename)%00%(upstream:remoteref) refs/heads/main refs/remotes/main [2ms]
2023-03-10 15:11:41.420 [info] > git status -z -uall [2ms]
2023-03-10 15:11:46.447 [info] > git config --get commit.template [12ms]
2023-03-10 15:11:46.447 [info] > git for-each-ref --format=%(refname)%00%(upstream:short)%00%(objectname)%00%(upstream:track)%00%(upstream:remotename)%00%(upstream:remoteref) refs/heads/main refs/remotes/main [1ms]
2023-03-10 15:11:46.460 [info] > git status -z -uall [2ms]
2023-03-10 15:13:24.542 [info] > git config --get commit.template [26ms]
2023-03-10 15:13:24.569 [info] > git for-each-ref --format=%(refname)%00%(upstream:short)%00%(objectname)%00%(upstream:track)%00%(upstream:remotename)%00%(upstream:remoteref) refs/heads/main refs/remotes/main [30ms]
2023-03-10 15:13:24.587 [info] > git status -z -uall [2ms]
2023-03-10 15:13:29.620 [info] > git config --get commit.template [6ms]
2023-03-10 15:13:29.640 [info] > git for-each-ref --format=%(refname)%00%(upstream:short)%00%(objectname)%00%(upstream:track)%00%(upstream:remotename)%00%(upstream:remoteref) refs/heads/main refs/remotes/main [3ms]
2023-03-10 15:13:29.661 [info] > git status -z -uall [5ms]
2023-03-10 15:13:34.698 [info] > git config --get commit.template [16ms]
2023-03-10 15:13:34.699 [info] > git for-each-ref --format=%(refname)%00%(upstream:short)%00%(objectname)%00%(upstream:track)%00%(upstream:remotename)%00%(upstream:remoteref) refs/heads/main refs/remotes/main [3ms]
2023-03-10 15:13:34.720 [info] > git status -z -uall [4ms]
2023-03-10 15:14:02.189 [info] > git config --get commit.template [26ms]
2023-03-10 15:14:02.191 [info] > git for-each-ref --format=%(refname)%00%(upstream:short)%00%(objectname)%00%(upstream:track)%00%(upstream:remotename)%00%(upstream:remoteref) refs/heads/main refs/remotes/main [4ms]
2023-03-10 15:14:02.221 [info] > git status -z -uall [4ms]
2023-03-10 15:14:08.798 [info] > git config --get commit.template [21ms]
2023-03-10 15:14:08.801 [info] > git for-each-ref --format=%(refname)%00%(upstream:short)%00%(objectname)%00%(upstream:track)%00%(upstream:remotename)%00%(upstream:remoteref) refs/heads/main refs/remotes/main [5ms]
2023-03-10 15:14:08.824 [info] > git status -z -uall [3ms]
2023-03-10 15:14:20.555 [info] > git config --get commit.template [3ms]
2023-03-10 15:14:20.579 [info] > git for-each-ref --format=%(refname)%00%(upstream:short)%00%(objectname)%00%(upstream:track)%00%(upstream:remotename)%00%(upstream:remoteref) refs/heads/main refs/remotes/main [1ms]
2023-03-10 15:14:20.605 [info] > git status -z -uall [7ms]
2023-03-10 15:14:26.263 [info] > git config --get commit.template [12ms]
2023-03-10 15:14:26.263 [info] > git for-each-ref --format=%(refname)%00%(upstream:short)%00%(objectname)%00%(upstream:track)%00%(upstream:remotename)%00%(upstream:remoteref) refs/heads/main refs/remotes/main [1ms]
2023-03-10 15:14:26.276 [info] > git status -z -uall [4ms]
2023-03-10 15:14:31.874 [info] > git config --get commit.template [3ms]
2023-03-10 15:14:31.897 [info] > git for-each-ref --format=%(refname)%00%(upstream:short)%00%(objectname)%00%(upstream:track)%00%(upstream:remotename)%00%(upstream:remoteref) refs/heads/main refs/remotes/main [4ms]
2023-03-10 15:14:31.926 [info] > git status -z -uall [5ms]
2023-03-10 15:14:51.219 [info] > git config --get commit.template [103ms]
2023-03-10 15:14:51.220 [info] > git for-each-ref --format=%(refname)%00%(upstream:short)%00%(objectname)%00%(upstream:track)%00%(upstream:remotename)%00%(upstream:remoteref) refs/heads/main refs/remotes/main [74ms]
2023-03-10 15:14:51.245 [info] > git status -z -uall [7ms]
2023-03-10 15:14:58.505 [info] > git config --get commit.template [23ms]
2023-03-10 15:14:58.508 [info] > git for-each-ref --format=%(refname)%00%(upstream:short)%00%(objectname)%00%(upstream:track)%00%(upstream:remotename)%00%(upstream:remoteref) refs/heads/main refs/remotes/main [3ms]
2023-03-10 15:14:58.535 [info] > git status -z -uall [4ms]
2023-03-10 15:15:03.577 [info] > git config --get commit.template [17ms]
2023-03-10 15:15:03.579 [info] > git for-each-ref --format=%(refname)%00%(upstream:short)%00%(objectname)%00%(upstream:track)%00%(upstream:remotename)%00%(upstream:remoteref) refs/heads/main refs/remotes/main [3ms]
2023-03-10 15:15:03.594 [info] > git status -z -uall [2ms]
2023-03-10 15:16:05.104 [info] > git config --get commit.template [4ms]
2023-03-10 15:16:05.123 [info] > git for-each-ref --format=%(refname)%00%(upstream:short)%00%(objectname)%00%(upstream:track)%00%(upstream:remotename)%00%(upstream:remoteref) refs/heads/main refs/remotes/main [2ms]
2023-03-10 15:16:05.143 [info] > git status -z -uall [4ms]
2023-03-10 15:16:10.174 [info] > git config --get commit.template [14ms]
2023-03-10 15:16:10.179 [info] > git for-each-ref --format=%(refname)%00%(upstream:short)%00%(objectname)%00%(upstream:track)%00%(upstream:remotename)%00%(upstream:remoteref) refs/heads/main refs/remotes/main [6ms]
2023-03-10 15:16:10.201 [info] > git status -z -uall [7ms]
2023-03-10 15:16:17.314 [info] > git config --get commit.template [25ms]
2023-03-10 15:16:17.317 [info] > git for-each-ref --format=%(refname)%00%(upstream:short)%00%(objectname)%00%(upstream:track)%00%(upstream:remotename)%00%(upstream:remoteref) refs/heads/main refs/remotes/main [5ms]
2023-03-10 15:16:17.340 [info] > git status -z -uall [6ms]
2023-03-10 15:16:22.389 [info] > git config --get commit.template [7ms]
2023-03-10 15:16:22.419 [info] > git for-each-ref --format=%(refname)%00%(upstream:short)%00%(objectname)%00%(upstream:track)%00%(upstream:remotename)%00%(upstream:remoteref) refs/heads/main refs/remotes/main [3ms]
2023-03-10 15:16:22.449 [info] > git status -z -uall [6ms]
2023-03-10 15:19:07.710 [info] > git config --get commit.template [15ms]
2023-03-10 15:19:07.711 [info] > git for-each-ref --format=%(refname)%00%(upstream:short)%00%(objectname)%00%(upstream:track)%00%(upstream:remotename)%00%(upstream:remoteref) refs/heads/main refs/remotes/main [2ms]
2023-03-10 15:19:07.728 [info] > git status -z -uall [3ms]
2023-03-10 15:19:12.761 [info] > git config --get commit.template [16ms]
2023-03-10 15:19:12.762 [info] > git for-each-ref --format=%(refname)%00%(upstream:short)%00%(objectname)%00%(upstream:track)%00%(upstream:remotename)%00%(upstream:remoteref) refs/heads/main refs/remotes/main [2ms]
2023-03-10 15:19:12.776 [info] > git status -z -uall [2ms]
2023-03-10 15:19:17.810 [info] > git config --get commit.template [15ms]
2023-03-10 15:19:17.811 [info] > git for-each-ref --format=%(refname)%00%(upstream:short)%00%(objectname)%00%(upstream:track)%00%(upstream:remotename)%00%(upstream:remoteref) refs/heads/main refs/remotes/main [2ms]
2023-03-10 15:19:17.828 [info] > git status -z -uall [2ms]
2023-03-10 15:19:30.923 [info] > git config --get commit.template [16ms]
2023-03-10 15:19:30.924 [info] > git for-each-ref --format=%(refname)%00%(upstream:short)%00%(objectname)%00%(upstream:track)%00%(upstream:remotename)%00%(upstream:remoteref) refs/heads/main refs/remotes/main [3ms]
2023-03-10 15:19:30.941 [info] > git status -z -uall [4ms]
2023-03-10 15:19:35.961 [info] > git config --get commit.template [2ms]
2023-03-10 15:19:35.975 [info] > git for-each-ref --format=%(refname)%00%(upstream:short)%00%(objectname)%00%(upstream:track)%00%(upstream:remotename)%00%(upstream:remoteref) refs/heads/main refs/remotes/main [2ms]
2023-03-10 15:19:35.990 [info] > git status -z -uall [3ms]
2023-03-10 15:19:52.904 [info] > git ls-files --stage -- /home/cp/cp-blog/NavneelSinghal.github.io/build.sh [4ms]
2023-03-10 15:19:52.928 [info] > git show --textconv :build.sh [53ms]
2023-03-10 15:19:52.932 [info] > git cat-file -s 628da40c9c77cce9fc210bd892467bd31d84a7b3 [5ms]
2023-03-10 15:20:23.332 [info] > git config --get commit.template [20ms]
2023-03-10 15:20:23.334 [info] > git for-each-ref --format=%(refname)%00%(upstream:short)%00%(objectname)%00%(upstream:track)%00%(upstream:remotename)%00%(upstream:remoteref) refs/heads/main refs/remotes/main [5ms]
2023-03-10 15:20:23.354 [info] > git status -z -uall [3ms]
2023-03-10 15:20:28.378 [info] > git config --get commit.template [3ms]
2023-03-10 15:20:28.394 [info] > git for-each-ref --format=%(refname)%00%(upstream:short)%00%(objectname)%00%(upstream:track)%00%(upstream:remotename)%00%(upstream:remoteref) refs/heads/main refs/remotes/main [2ms]
2023-03-10 15:20:28.412 [info] > git status -z -uall [3ms]
2023-03-10 15:21:10.358 [info] > git show --textconv :src/index.md [23ms]
2023-03-10 15:21:10.364 [info] > git ls-files --stage -- /home/cp/cp-blog/NavneelSinghal.github.io/src/index.md [7ms]
2023-03-10 15:21:10.386 [info] > git cat-file -s 9d13e78bc1f618a19a7d3745213c44b09f927e59 [3ms]
2023-03-10 15:21:46.922 [info] > git config --get commit.template [18ms]
2023-03-10 15:21:46.923 [info] > git for-each-ref --format=%(refname)%00%(upstream:short)%00%(objectname)%00%(upstream:track)%00%(upstream:remotename)%00%(upstream:remoteref) refs/heads/main refs/remotes/main [2ms]
2023-03-10 15:21:46.940 [info] > git status -z -uall [4ms]
2023-03-10 15:21:51.962 [info] > git config --get commit.template [3ms]
2023-03-10 15:21:51.978 [info] > git for-each-ref --format=%(refname)%00%(upstream:short)%00%(objectname)%00%(upstream:track)%00%(upstream:remotename)%00%(upstream:remoteref) refs/heads/main refs/remotes/main [2ms]
2023-03-10 15:21:51.999 [info] > git status -z -uall [5ms]
2023-03-10 15:21:57.413 [info] > git config --get commit.template [2ms]
2023-03-10 15:21:57.433 [info] > git for-each-ref --format=%(refname)%00%(upstream:short)%00%(objectname)%00%(upstream:track)%00%(upstream:remotename)%00%(upstream:remoteref) refs/heads/main refs/remotes/main [4ms]
2023-03-10 15:21:57.452 [info] > git status -z -uall [3ms]
2023-03-10 15:22:21.877 [info] > git config --get commit.template [3ms]
2023-03-10 15:22:21.903 [info] > git for-each-ref --format=%(refname)%00%(upstream:short)%00%(objectname)%00%(upstream:track)%00%(upstream:remotename)%00%(upstream:remoteref) refs/heads/main refs/remotes/main [4ms]
2023-03-10 15:22:21.928 [info] > git status -z -uall [5ms]
2023-03-10 15:22:29.177 [info] > git config --get commit.template [2ms]
2023-03-10 15:22:29.200 [info] > git for-each-ref --format=%(refname)%00%(upstream:short)%00%(objectname)%00%(upstream:track)%00%(upstream:remotename)%00%(upstream:remoteref) refs/heads/main refs/remotes/main [2ms]
2023-03-10 15:22:29.220 [info] > git status -z -uall [4ms]
2023-03-10 15:22:34.247 [info] > git config --get commit.template [1ms]
2023-03-10 15:22:34.267 [info] > git for-each-ref --format=%(refname)%00%(upstream:short)%00%(objectname)%00%(upstream:track)%00%(upstream:remotename)%00%(upstream:remoteref) refs/heads/main refs/remotes/main [3ms]
2023-03-10 15:22:34.284 [info] > git status -z -uall [4ms]
2023-03-10 15:22:46.554 [info] > git config --get commit.template [2ms]
2023-03-10 15:22:46.569 [info] > git for-each-ref --format=%(refname)%00%(upstream:short)%00%(objectname)%00%(upstream:track)%00%(upstream:remotename)%00%(upstream:remoteref) refs/heads/main refs/remotes/main [2ms]
2023-03-10 15:22:46.585 [info] > git status -z -uall [2ms]
2023-03-10 15:22:56.444 [info] > git config --get commit.template [2ms]
2023-03-10 15:22:56.461 [info] > git for-each-ref --format=%(refname)%00%(upstream:short)%00%(objectname)%00%(upstream:track)%00%(upstream:remotename)%00%(upstream:remoteref) refs/heads/main refs/remotes/main [2ms]
2023-03-10 15:22:56.480 [info] > git status -z -uall [4ms]
2023-03-10 15:23:12.952 [info] > git config --get commit.template [21ms]
2023-03-10 15:23:12.952 [info] > git for-each-ref --format=%(refname)%00%(upstream:short)%00%(objectname)%00%(upstream:track)%00%(upstream:remotename)%00%(upstream:remoteref) refs/heads/main refs/remotes/main [2ms]
2023-03-10 15:23:12.972 [info] > git status -z -uall [4ms]
2023-03-10 15:23:28.257 [info] > git config --get commit.template [16ms]
2023-03-10 15:23:28.258 [info] > git for-each-ref --format=%(refname)%00%(upstream:short)%00%(objectname)%00%(upstream:track)%00%(upstream:remotename)%00%(upstream:remoteref) refs/heads/main refs/remotes/main [3ms]
2023-03-10 15:23:28.274 [info] > git status -z -uall [3ms]
2023-03-10 15:23:47.338 [info] > git config --get commit.template [2ms]
2023-03-10 15:23:47.357 [info] > git for-each-ref --format=%(refname)%00%(upstream:short)%00%(objectname)%00%(upstream:track)%00%(upstream:remotename)%00%(upstream:remoteref) refs/heads/main refs/remotes/main [2ms]
2023-03-10 15:23:47.375 [info] > git status -z -uall [4ms]
2023-03-10 15:24:12.013 [info] > git config --get commit.template [3ms]
2023-03-10 15:24:12.026 [info] > git for-each-ref --format=%(refname)%00%(upstream:short)%00%(objectname)%00%(upstream:track)%00%(upstream:remotename)%00%(upstream:remoteref) refs/heads/main refs/remotes/main [2ms]
2023-03-10 15:24:12.043 [info] > git status -z -uall [3ms]
2023-03-10 15:24:17.068 [info] > git config --get commit.template [5ms]
2023-03-10 15:24:17.085 [info] > git for-each-ref --format=%(refname)%00%(upstream:short)%00%(objectname)%00%(upstream:track)%00%(upstream:remotename)%00%(upstream:remoteref) refs/heads/main refs/remotes/main [2ms]
2023-03-10 15:24:17.107 [info] > git status -z -uall [7ms]
2023-03-10 15:24:22.147 [info] > git config --get commit.template [5ms]
2023-03-10 15:24:22.174 [info] > git for-each-ref --format=%(refname)%00%(upstream:short)%00%(objectname)%00%(upstream:track)%00%(upstream:remotename)%00%(upstream:remoteref) refs/heads/main refs/remotes/main [3ms]
2023-03-10 15:24:22.199 [info] > git status -z -uall [5ms]
2023-03-10 15:24:27.230 [info] > git config --get commit.template [7ms]
2023-03-10 15:24:27.252 [info] > git for-each-ref --format=%(refname)%00%(upstream:short)%00%(objectname)%00%(upstream:track)%00%(upstream:remotename)%00%(upstream:remoteref) refs/heads/main refs/remotes/main [5ms]
2023-03-10 15:24:27.278 [info] > git status -z -uall [5ms]
2023-03-10 15:24:37.043 [info] > git config --get commit.template [1ms]
2023-03-10 15:24:37.065 [info] > git for-each-ref --format=%(refname)%00%(upstream:short)%00%(objectname)%00%(upstream:track)%00%(upstream:remotename)%00%(upstream:remoteref) refs/heads/main refs/remotes/main [3ms]
2023-03-10 15:24:37.087 [info] > git status -z -uall [3ms]
2023-03-10 15:24:42.114 [info] > git config --get commit.template [2ms]
2023-03-10 15:24:42.134 [info] > git for-each-ref --format=%(refname)%00%(upstream:short)%00%(objectname)%00%(upstream:track)%00%(upstream:remotename)%00%(upstream:remoteref) refs/heads/main refs/remotes/main [3ms]
2023-03-10 15:24:42.159 [info] > git status -z -uall [3ms]
2023-03-10 15:24:47.183 [info] > git config --get commit.template [2ms]
2023-03-10 15:24:47.202 [info] > git for-each-ref --format=%(refname)%00%(upstream:short)%00%(objectname)%00%(upstream:track)%00%(upstream:remotename)%00%(upstream:remoteref) refs/heads/main refs/remotes/main [3ms]
2023-03-10 15:24:47.223 [info] > git status -z -uall [4ms]
2023-03-10 15:24:52.265 [info] > git config --get commit.template [20ms]
2023-03-10 15:24:52.266 [info] > git for-each-ref --format=%(refname)%00%(upstream:short)%00%(objectname)%00%(upstream:track)%00%(upstream:remotename)%00%(upstream:remoteref) refs/heads/main refs/remotes/main [5ms]
2023-03-10 15:24:52.292 [info] > git status -z -uall [7ms]
2023-03-10 15:24:57.328 [info] > git config --get commit.template [16ms]
2023-03-10 15:24:57.329 [info] > git for-each-ref --format=%(refname)%00%(upstream:short)%00%(objectname)%00%(upstream:track)%00%(upstream:remotename)%00%(upstream:remoteref) refs/heads/main refs/remotes/main [2ms]
2023-03-10 15:24:57.346 [info] > git status -z -uall [3ms]
2023-03-10 15:25:02.502 [info] > git config --get commit.template [7ms]
2023-03-10 15:25:02.525 [info] > git for-each-ref --format=%(refname)%00%(upstream:short)%00%(objectname)%00%(upstream:track)%00%(upstream:remotename)%00%(upstream:remoteref) refs/heads/main refs/remotes/main [5ms]
2023-03-10 15:25:02.548 [info] > git status -z -uall [5ms]
2023-03-10 15:25:19.934 [info] > git config --get commit.template [1ms]
2023-03-10 15:25:19.954 [info] > git for-each-ref --format=%(refname)%00%(upstream:short)%00%(objectname)%00%(upstream:track)%00%(upstream:remotename)%00%(upstream:remoteref) refs/heads/main refs/remotes/main [3ms]
2023-03-10 15:25:19.978 [info] > git status -z -uall [3ms]
2023-03-10 15:25:26.684 [info] > git config --get commit.template [14ms]
2023-03-10 15:25:26.685 [info] > git for-each-ref --format=%(refname)%00%(upstream:short)%00%(objectname)%00%(upstream:track)%00%(upstream:remotename)%00%(upstream:remoteref) refs/heads/main refs/remotes/main [2ms]
2023-03-10 15:25:26.700 [info] > git status -z -uall [3ms]
2023-03-10 15:25:31.717 [info] > git config --get commit.template [2ms]
2023-03-10 15:25:31.732 [info] > git for-each-ref --format=%(refname)%00%(upstream:short)%00%(objectname)%00%(upstream:track)%00%(upstream:remotename)%00%(upstream:remoteref) refs/heads/main refs/remotes/main [1ms]
2023-03-10 15:25:31.749 [info] > git status -z -uall [4ms]
2023-03-10 15:25:37.666 [info] > git config --get commit.template [1ms]
2023-03-10 15:25:37.682 [info] > git for-each-ref --format=%(refname)%00%(upstream:short)%00%(objectname)%00%(upstream:track)%00%(upstream:remotename)%00%(upstream:remoteref) refs/heads/main refs/remotes/main [1ms]
2023-03-10 15:25:37.700 [info] > git status -z -uall [3ms]
2023-03-10 15:25:42.724 [info] > git config --get commit.template [2ms]
2023-03-10 15:25:42.743 [info] > git for-each-ref --format=%(refname)%00%(upstream:short)%00%(objectname)%00%(upstream:track)%00%(upstream:remotename)%00%(upstream:remoteref) refs/heads/main refs/remotes/main [3ms]
2023-03-10 15:25:42.766 [info] > git status -z -uall [6ms]
2023-03-10 15:25:47.789 [info] > git config --get commit.template [2ms]
2023-03-10 15:25:47.805 [info] > git for-each-ref --format=%(refname)%00%(upstream:short)%00%(objectname)%00%(upstream:track)%00%(upstream:remotename)%00%(upstream:remoteref) refs/heads/main refs/remotes/main [3ms]
2023-03-10 15:25:47.822 [info] > git status -z -uall [4ms]
2023-03-10 15:25:52.864 [info] > git config --get commit.template [21ms]
2023-03-10 15:25:52.865 [info] > git for-each-ref --format=%(refname)%00%(upstream:short)%00%(objectname)%00%(upstream:track)%00%(upstream:remotename)%00%(upstream:remoteref) refs/heads/main refs/remotes/main [1ms]
2023-03-10 15:25:52.887 [info] > git status -z -uall [5ms]
2023-03-10 15:26:01.218 [info] > git config --get commit.template [20ms]
2023-03-10 15:26:01.220 [info] > git for-each-ref --format=%(refname)%00%(upstream:short)%00%(objectname)%00%(upstream:track)%00%(upstream:remotename)%00%(upstream:remoteref) refs/heads/main refs/remotes/main [5ms]
2023-03-10 15:26:01.239 [info] > git status -z -uall [2ms]
2023-03-10 15:26:17.577 [info] > git config --get commit.template [5ms]
2023-03-10 15:26:17.600 [info] > git for-each-ref --format=%(refname)%00%(upstream:short)%00%(objectname)%00%(upstream:track)%00%(upstream:remotename)%00%(upstream:remoteref) refs/heads/main refs/remotes/main [6ms]
2023-03-10 15:26:17.623 [info] > git status -z -uall [3ms]
2023-03-10 15:26:26.976 [info] > git config --get commit.template [2ms]
2023-03-10 15:26:27.003 [info] > git for-each-ref --format=%(refname)%00%(upstream:short)%00%(objectname)%00%(upstream:track)%00%(upstream:remotename)%00%(upstream:remoteref) refs/heads/main refs/remotes/main [5ms]
2023-03-10 15:26:27.026 [info] > git status -z -uall [7ms]
2023-03-10 15:26:32.045 [info] > git config --get commit.template [1ms]
2023-03-10 15:26:32.057 [info] > git for-each-ref --format=%(refname)%00%(upstream:short)%00%(objectname)%00%(upstream:track)%00%(upstream:remotename)%00%(upstream:remoteref) refs/heads/main refs/remotes/main [1ms]
2023-03-10 15:26:32.071 [info] > git status -z -uall [2ms]
2023-03-10 15:26:44.446 [info] > git show --textconv :scripts/site-gen.js [36ms]
2023-03-10 15:26:44.455 [info] > git ls-files --stage -- /home/cp/cp-blog/CP-Snippets/scripts/site-gen.js [15ms]
2023-03-10 15:26:44.492 [info] > git cat-file -s a9eb8e9221b5fa39b934c4e65a9fb45601a734ff [5ms]
2023-03-10 15:27:06.526 [info] > git config --get commit.template [24ms]
2023-03-10 15:27:06.529 [info] > git for-each-ref --format=%(refname)%00%(upstream:short)%00%(objectname)%00%(upstream:track)%00%(upstream:remotename)%00%(upstream:remoteref) refs/heads/main refs/remotes/main [3ms]
2023-03-10 15:27:06.558 [info] > git status -z -uall [5ms]
2023-03-10 15:28:03.722 [info] > git config --get commit.template [24ms]
2023-03-10 15:28:03.723 [info] > git for-each-ref --format=%(refname)%00%(upstream:short)%00%(objectname)%00%(upstream:track)%00%(upstream:remotename)%00%(upstream:remoteref) refs/heads/main refs/remotes/main [5ms]
2023-03-10 15:28:03.748 [info] > git status -z -uall [4ms]
2023-03-10 15:28:22.342 [info] > git config --get commit.template [20ms]
2023-03-10 15:28:22.344 [info] > git for-each-ref --format=%(refname)%00%(upstream:short)%00%(objectname)%00%(upstream:track)%00%(upstream:remotename)%00%(upstream:remoteref) refs/heads/main refs/remotes/main [3ms]
2023-03-10 15:28:22.365 [info] > git status -z -uall [4ms]
2023-03-10 15:28:27.418 [info] > git config --get commit.template [22ms]
2023-03-10 15:28:27.420 [info] > git for-each-ref --format=%(refname)%00%(upstream:short)%00%(objectname)%00%(upstream:track)%00%(upstream:remotename)%00%(upstream:remoteref) refs/heads/main refs/remotes/main [3ms]
2023-03-10 15:28:27.448 [info] > git status -z -uall [4ms]
2023-03-10 15:28:44.147 [info] > git show --textconv :src/index.md [22ms]
2023-03-10 15:28:44.150 [info] > git ls-files --stage -- /home/cp/cp-blog/NavneelSinghal.github.io/src/index.md [6ms]
2023-03-10 15:28:44.170 [info] > git cat-file -s 9d13e78bc1f618a19a7d3745213c44b09f927e59 [3ms]
2023-03-10 15:29:32.464 [info] > git config --get commit.template [24ms]
2023-03-10 15:29:32.467 [info] > git for-each-ref --format=%(refname)%00%(upstream:short)%00%(objectname)%00%(upstream:track)%00%(upstream:remotename)%00%(upstream:remoteref) refs/heads/main refs/remotes/main [5ms]
2023-03-10 15:29:32.490 [info] > git status -z -uall [3ms]
2023-03-10 15:29:37.538 [info] > git config --get commit.template [26ms]
2023-03-10 15:29:37.539 [info] > git for-each-ref --format=%(refname)%00%(upstream:short)%00%(objectname)%00%(upstream:track)%00%(upstream:remotename)%00%(upstream:remoteref) refs/heads/main refs/remotes/main [2ms]
2023-03-10 15:29:37.559 [info] > git status -z -uall [5ms]
2023-03-10 15:29:42.600 [info] > git config --get commit.template [17ms]
2023-03-10 15:29:42.601 [info] > git for-each-ref --format=%(refname)%00%(upstream:short)%00%(objectname)%00%(upstream:track)%00%(upstream:remotename)%00%(upstream:remoteref) refs/heads/main refs/remotes/main [2ms]
2023-03-10 15:29:42.616 [info] > git status -z -uall [2ms]
2023-03-10 15:29:47.641 [info] > git config --get commit.template [4ms]
2023-03-10 15:29:47.659 [info] > git for-each-ref --format=%(refname)%00%(upstream:short)%00%(objectname)%00%(upstream:track)%00%(upstream:remotename)%00%(upstream:remoteref) refs/heads/main refs/remotes/main [2ms]
2023-03-10 15:29:47.679 [info] > git status -z -uall [3ms]
2023-03-10 15:29:59.311 [info] > git config --get commit.template [21ms]
2023-03-10 15:29:59.312 [info] > git for-each-ref --format=%(refname)%00%(upstream:short)%00%(objectname)%00%(upstream:track)%00%(upstream:remotename)%00%(upstream:remoteref) refs/heads/main refs/remotes/main [2ms]
2023-03-10 15:29:59.335 [info] > git status -z -uall [5ms]
2023-03-10 15:31:47.658 [info] > git config --get commit.template [50ms]
2023-03-10 15:31:47.812 [info] > git for-each-ref --format=%(refname)%00%(upstream:short)%00%(objectname)%00%(upstream:track)%00%(upstream:remotename)%00%(upstream:remoteref) refs/heads/main refs/remotes/main [155ms]
2023-03-10 15:31:48.099 [info] > git status -z -uall [277ms]
2023-03-10 15:32:11.650 [info] > git config --get commit.template [11ms]
2023-03-10 15:32:11.650 [info] > git for-each-ref --format=%(refname)%00%(upstream:short)%00%(objectname)%00%(upstream:track)%00%(upstream:remotename)%00%(upstream:remoteref) refs/heads/main refs/remotes/main [2ms]
2023-03-10 15:32:11.663 [info] > git status -z -uall [3ms]
2023-03-10 15:32:19.276 [info] > git config --get commit.template [11ms]
2023-03-10 15:32:19.277 [info] > git for-each-ref --format=%(refname)%00%(upstream:short)%00%(objectname)%00%(upstream:track)%00%(upstream:remotename)%00%(upstream:remoteref) refs/heads/main refs/remotes/main [2ms]
2023-03-10 15:32:19.289 [info] > git status -z -uall [2ms]
2023-03-10 15:32:36.999 [info] > git config --get commit.template [12ms]
2023-03-10 15:32:37.001 [info] > git for-each-ref --format=%(refname)%00%(upstream:short)%00%(objectname)%00%(upstream:track)%00%(upstream:remotename)%00%(upstream:remoteref) refs/heads/main refs/remotes/main [2ms]
2023-03-10 15:32:37.012 [info] > git status -z -uall [2ms]
2023-03-10 15:33:05.898 [info] > git config --get commit.template [2ms]
2023-03-10 15:33:05.915 [info] > git for-each-ref --format=%(refname)%00%(upstream:short)%00%(objectname)%00%(upstream:track)%00%(upstream:remotename)%00%(upstream:remoteref) refs/heads/main refs/remotes/main [4ms]
2023-03-10 15:33:05.928 [info] > git status -z -uall [2ms]
2023-03-10 15:33:17.980 [info] > git config --get commit.template [11ms]
2023-03-10 15:33:17.981 [info] > git for-each-ref --format=%(refname)%00%(upstream:short)%00%(objectname)%00%(upstream:track)%00%(upstream:remotename)%00%(upstream:remoteref) refs/heads/main refs/remotes/main [2ms]
2023-03-10 15:33:17.994 [info] > git status -z -uall [3ms]
2023-03-10 15:34:36.752 [info] > git config --get commit.template [12ms]
2023-03-10 15:34:36.754 [info] > git for-each-ref --format=%(refname)%00%(upstream:short)%00%(objectname)%00%(upstream:track)%00%(upstream:remotename)%00%(upstream:remoteref) refs/heads/main refs/remotes/main [3ms]
2023-03-10 15:34:36.766 [info] > git status -z -uall [2ms]
2023-03-10 15:34:52.493 [info] > git ls-files --stage -- /home/cp/cp-blog/CP-Snippets/TODO.md [1ms]
2023-03-10 15:34:52.505 [info] > git show --textconv :TODO.md [18ms]
2023-03-10 15:34:52.505 [info] > git cat-file -s a375f35c3569dfd687788a55375f09c27c7dd945 [4ms]
2023-03-10 15:34:57.120 [info] > git config --get commit.template [11ms]
2023-03-10 15:34:57.121 [info] > git for-each-ref --format=%(refname)%00%(upstream:short)%00%(objectname)%00%(upstream:track)%00%(upstream:remotename)%00%(upstream:remoteref) refs/heads/main refs/remotes/main [2ms]
2023-03-10 15:34:57.133 [info] > git status -z -uall [3ms]
2023-03-10 15:35:07.113 [info] > git config --get commit.template [11ms]
2023-03-10 15:35:07.114 [info] > git for-each-ref --format=%(refname)%00%(upstream:short)%00%(objectname)%00%(upstream:track)%00%(upstream:remotename)%00%(upstream:remoteref) refs/heads/main refs/remotes/main [2ms]
2023-03-10 15:35:07.127 [info] > git status -z -uall [3ms]
2023-03-10 15:35:12.142 [info] > git config --get commit.template [2ms]
2023-03-10 15:35:12.153 [info] > git for-each-ref --format=%(refname)%00%(upstream:short)%00%(objectname)%00%(upstream:track)%00%(upstream:remotename)%00%(upstream:remoteref) refs/heads/main refs/remotes/main [2ms]
2023-03-10 15:35:12.165 [info] > git status -z -uall [3ms]
2023-03-10 15:35:29.924 [info] > git config --get commit.template [8ms]
2023-03-10 15:35:29.925 [info] > git for-each-ref --format=%(refname)%00%(upstream:short)%00%(objectname)%00%(upstream:track)%00%(upstream:remotename)%00%(upstream:remoteref) refs/heads/main refs/remotes/main [2ms]
2023-03-10 15:35:29.936 [info] > git status -z -uall [4ms]
2023-03-10 15:35:34.948 [info] > git config --get commit.template [1ms]
2023-03-10 15:35:34.959 [info] > git for-each-ref --format=%(refname)%00%(upstream:short)%00%(objectname)%00%(upstream:track)%00%(upstream:remotename)%00%(upstream:remoteref) refs/heads/main refs/remotes/main [2ms]
2023-03-10 15:35:34.971 [info] > git status -z -uall [3ms]
2023-03-10 15:35:39.998 [info] > git config --get commit.template [10ms]
2023-03-10 15:35:39.998 [info] > git for-each-ref --format=%(refname)%00%(upstream:short)%00%(objectname)%00%(upstream:track)%00%(upstream:remotename)%00%(upstream:remoteref) refs/heads/main refs/remotes/main [1ms]
2023-03-10 15:35:40.010 [info] > git status -z -uall [3ms]
2023-03-10 15:35:47.373 [info] > git config --get commit.template [1ms]
2023-03-10 15:35:47.385 [info] > git for-each-ref --format=%(refname)%00%(upstream:short)%00%(objectname)%00%(upstream:track)%00%(upstream:remotename)%00%(upstream:remoteref) refs/heads/main refs/remotes/main [2ms]
2023-03-10 15:35:47.396 [info] > git status -z -uall [2ms]
2023-03-10 15:35:56.698 [info] > git for-each-ref --format=%(refname)%00%(upstream:short)%00%(objectname)%00%(upstream:track)%00%(upstream:remotename)%00%(upstream:remoteref) refs/heads/main refs/remotes/main [1ms]
2023-03-10 15:35:56.698 [info] > git config --get commit.template [10ms]
2023-03-10 15:35:56.710 [info] > git status -z -uall [3ms]
2023-03-10 15:36:32.208 [info] > git config --get commit.template [12ms]
2023-03-10 15:36:32.209 [info] > git for-each-ref --format=%(refname)%00%(upstream:short)%00%(objectname)%00%(upstream:track)%00%(upstream:remotename)%00%(upstream:remoteref) refs/heads/main refs/remotes/main [4ms]
2023-03-10 15:36:32.224 [info] > git status -z -uall [3ms]
2023-03-10 15:36:37.244 [info] > git config --get commit.template [8ms]
2023-03-10 15:36:37.245 [info] > git for-each-ref --format=%(refname)%00%(upstream:short)%00%(objectname)%00%(upstream:track)%00%(upstream:remotename)%00%(upstream:remoteref) refs/heads/main refs/remotes/main [2ms]
2023-03-10 15:36:37.255 [info] > git status -z -uall [3ms]
2023-03-10 15:36:42.279 [info] > git config --get commit.template [10ms]
2023-03-10 15:36:42.281 [info] > git for-each-ref --format=%(refname)%00%(upstream:short)%00%(objectname)%00%(upstream:track)%00%(upstream:remotename)%00%(upstream:remoteref) refs/heads/main refs/remotes/main [2ms]
2023-03-10 15:36:42.293 [info] > git status -z -uall [3ms]
2023-03-10 15:36:47.423 [info] > git config --get commit.template [11ms]
2023-03-10 15:36:47.424 [info] > git for-each-ref --format=%(refname)%00%(upstream:short)%00%(objectname)%00%(upstream:track)%00%(upstream:remotename)%00%(upstream:remoteref) refs/heads/main refs/remotes/main [2ms]
2023-03-10 15:36:47.434 [info] > git status -z -uall [3ms]
2023-03-10 15:37:04.862 [info] > git config --get commit.template [10ms]
2023-03-10 15:37:04.863 [info] > git for-each-ref --format=%(refname)%00%(upstream:short)%00%(objectname)%00%(upstream:track)%00%(upstream:remotename)%00%(upstream:remoteref) refs/heads/main refs/remotes/main [1ms]
2023-03-10 15:37:04.875 [info] > git status -z -uall [3ms]
2023-03-10 15:37:12.425 [info] > git config --get commit.template [1ms]
2023-03-10 15:37:12.437 [info] > git for-each-ref --format=%(refname)%00%(upstream:short)%00%(objectname)%00%(upstream:track)%00%(upstream:remotename)%00%(upstream:remoteref) refs/heads/main refs/remotes/main [2ms]
2023-03-10 15:37:12.450 [info] > git status -z -uall [2ms]
2023-03-10 15:37:19.865 [info] > git config --get commit.template [11ms]
2023-03-10 15:37:19.866 [info] > git for-each-ref --format=%(refname)%00%(upstream:short)%00%(objectname)%00%(upstream:track)%00%(upstream:remotename)%00%(upstream:remoteref) refs/heads/main refs/remotes/main [2ms]
2023-03-10 15:37:19.879 [info] > git status -z -uall [3ms]
2023-03-10 15:37:28.605 [info] > git config --get commit.template [2ms]
2023-03-10 15:37:28.614 [info] > git for-each-ref --format=%(refname)%00%(upstream:short)%00%(objectname)%00%(upstream:track)%00%(upstream:remotename)%00%(upstream:remoteref) refs/heads/main refs/remotes/main [1ms]
2023-03-10 15:37:28.624 [info] > git status -z -uall [2ms]
2023-03-10 15:37:34.498 [info] > git config --get commit.template [1ms]
2023-03-10 15:37:34.511 [info] > git for-each-ref --format=%(refname)%00%(upstream:short)%00%(objectname)%00%(upstream:track)%00%(upstream:remotename)%00%(upstream:remoteref) refs/heads/main refs/remotes/main [2ms]
2023-03-10 15:37:34.523 [info] > git status -z -uall [3ms]
2023-03-10 15:37:45.678 [info] > git config --get commit.template [11ms]
2023-03-10 15:37:45.679 [info] > git for-each-ref --format=%(refname)%00%(upstream:short)%00%(objectname)%00%(upstream:track)%00%(upstream:remotename)%00%(upstream:remoteref) refs/heads/main refs/remotes/main [2ms]
2023-03-10 15:37:45.689 [info] > git status -z -uall [3ms]
2023-03-10 15:37:53.240 [info] > git config --get commit.template [12ms]
2023-03-10 15:37:53.241 [info] > git for-each-ref --format=%(refname)%00%(upstream:short)%00%(objectname)%00%(upstream:track)%00%(upstream:remotename)%00%(upstream:remoteref) refs/heads/main refs/remotes/main [3ms]
2023-03-10 15:37:53.253 [info] > git status -z -uall [3ms]
2023-03-10 15:38:01.376 [info] > git config --get commit.template [11ms]
2023-03-10 15:38:01.377 [info] > git for-each-ref --format=%(refname)%00%(upstream:short)%00%(objectname)%00%(upstream:track)%00%(upstream:remotename)%00%(upstream:remoteref) refs/heads/main refs/remotes/main [2ms]
2023-03-10 15:38:01.387 [info] > git status -z -uall [3ms]
2023-03-10 15:38:17.820 [info] > git config --get commit.template [9ms]
2023-03-10 15:38:17.821 [info] > git for-each-ref --format=%(refname)%00%(upstream:short)%00%(objectname)%00%(upstream:track)%00%(upstream:remotename)%00%(upstream:remoteref) refs/heads/main refs/remotes/main [1ms]
2023-03-10 15:38:17.830 [info] > git status -z -uall [2ms]
2023-03-10 15:38:28.239 [info] > git config --get commit.template [8ms]
2023-03-10 15:38:28.240 [info] > git for-each-ref --format=%(refname)%00%(upstream:short)%00%(objectname)%00%(upstream:track)%00%(upstream:remotename)%00%(upstream:remoteref) refs/heads/main refs/remotes/main [2ms]
2023-03-10 15:38:28.250 [info] > git status -z -uall [3ms]
2023-03-10 15:38:37.169 [info] > git config --get commit.template [11ms]
2023-03-10 15:38:37.171 [info] > git for-each-ref --format=%(refname)%00%(upstream:short)%00%(objectname)%00%(upstream:track)%00%(upstream:remotename)%00%(upstream:remoteref) refs/heads/main refs/remotes/main [1ms]
2023-03-10 15:38:37.183 [info] > git status -z -uall [3ms]
2023-03-10 15:38:42.200 [info] > git config --get commit.template [1ms]
2023-03-10 15:38:42.213 [info] > git for-each-ref --format=%(refname)%00%(upstream:short)%00%(objectname)%00%(upstream:track)%00%(upstream:remotename)%00%(upstream:remoteref) refs/heads/main refs/remotes/main [1ms]
2023-03-10 15:38:42.230 [info] > git status -z -uall [4ms]
2023-03-10 15:38:47.991 [info] > git ls-files --stage -- /home/cp/cp-blog/NavneelSinghal.github.io/parsecomments.py [191ms]
2023-03-10 15:38:48.079 [info] > git show --textconv :parsecomments.py [289ms]
2023-03-10 15:38:48.079 [info] > git cat-file -s 9e67536f1ba80eab2a6b3ddb41b1f55a62e9869f [81ms]
2023-03-10 15:38:50.814 [info] > git show --textconv :README.md [9ms]
2023-03-10 15:38:50.815 [info] > git ls-files --stage -- /home/cp/cp-blog/NavneelSinghal.github.io/README.md [1ms]
2023-03-10 15:38:50.824 [info] > git cat-file -s eee8d63c77ede32435c9d199828d3ee2cf14ae8b [3ms]
2023-03-10 15:39:02.903 [info] > git show --textconv :src/writings.md [9ms]
2023-03-10 15:39:02.904 [info] > git ls-files --stage -- /home/cp/cp-blog/NavneelSinghal.github.io/src/writings.md [2ms]
2023-03-10 15:39:02.913 [info] > git cat-file -s 49e1fdcc4a12a7d0fad64858dfd0e2f7ba3fd202 [2ms]
2023-03-10 15:39:04.221 [info] > git show --textconv :build.sh [12ms]
2023-03-10 15:39:04.222 [info] > git ls-files --stage -- /home/cp/cp-blog/NavneelSinghal.github.io/build.sh [2ms]
2023-03-10 15:39:04.233 [info] > git cat-file -s 628da40c9c77cce9fc210bd892467bd31d84a7b3 [1ms]
2023-03-10 15:39:13.775 [info] > git show --textconv :index.html [16ms]
2023-03-10 15:39:13.777 [info] > git ls-files --stage -- /home/cp/cp-blog/NavneelSinghal.github.io/index.html [3ms]
2023-03-10 15:39:13.785 [info] > git cat-file -s cb110029f0234e286fba25fd0d5a3eac6cc95e89 [2ms]
2023-03-10 15:39:14.750 [info] > git show --textconv :navneel.gpg.pub [12ms]
2023-03-10 15:39:14.752 [info] > git ls-files --stage -- /home/cp/cp-blog/NavneelSinghal.github.io/navneel.gpg.pub [3ms]
2023-03-10 15:39:14.762 [info] > git cat-file -s c0fa910e98cec8d22fbc13016afa57a13596ffba [2ms]
2023-03-10 15:39:25.525 [info] > git show --textconv :TODO [12ms]
2023-03-10 15:39:25.526 [info] > git ls-files --stage -- /home/cp/cp-blog/NavneelSinghal.github.io/TODO [2ms]
2023-03-10 15:39:25.537 [info] > git cat-file -s 2a42015020940eacf84049c4c2425d0459e81492 [2ms]
2023-03-10 15:39:29.174 [info] > git show --textconv :TODO.md [18ms]
2023-03-10 15:39:29.175 [info] > git ls-files --stage -- /home/cp/cp-blog/CP-Snippets/TODO.md [4ms]
2023-03-10 15:39:29.191 [info] > git cat-file -s a375f35c3569dfd687788a55375f09c27c7dd945 [2ms]
2023-03-10 15:39:42.841 [info] > git config --get commit.template [1ms]
2023-03-10 15:39:42.851 [info] > git for-each-ref --format=%(refname)%00%(upstream:short)%00%(objectname)%00%(upstream:track)%00%(upstream:remotename)%00%(upstream:remoteref) refs/heads/main refs/remotes/main [1ms]
2023-03-10 15:39:42.867 [info] > git status -z -uall [3ms]
2023-03-10 15:39:55.420 [info] > git config --get commit.template [1ms]
2023-03-10 15:39:55.432 [info] > git for-each-ref --format=%(refname)%00%(upstream:short)%00%(objectname)%00%(upstream:track)%00%(upstream:remotename)%00%(upstream:remoteref) refs/heads/main refs/remotes/main [2ms]
2023-03-10 15:39:55.446 [info] > git status -z -uall [2ms]
2023-03-10 15:40:00.471 [info] > git config --get commit.template [10ms]
2023-03-10 15:40:00.471 [info] > git for-each-ref --format=%(refname)%00%(upstream:short)%00%(objectname)%00%(upstream:track)%00%(upstream:remotename)%00%(upstream:remoteref) refs/heads/main refs/remotes/main [1ms]
2023-03-10 15:40:00.485 [info] > git status -z -uall [4ms]
2023-03-10 15:40:05.509 [info] > git config --get commit.template [11ms]
2023-03-10 15:40:05.510 [info] > git for-each-ref --format=%(refname)%00%(upstream:short)%00%(objectname)%00%(upstream:track)%00%(upstream:remotename)%00%(upstream:remoteref) refs/heads/main refs/remotes/main [2ms]
2023-03-10 15:40:05.523 [info] > git status -z -uall [3ms]
2023-03-10 15:40:15.481 [info] > git config --get commit.template [2ms]
2023-03-10 15:40:15.490 [info] > git for-each-ref --format=%(refname)%00%(upstream:short)%00%(objectname)%00%(upstream:track)%00%(upstream:remotename)%00%(upstream:remoteref) refs/heads/main refs/remotes/main [1ms]
2023-03-10 15:40:15.500 [info] > git status -z -uall [1ms]
2023-03-10 15:40:47.412 [info] > git config --get commit.template [16ms]
2023-03-10 15:40:47.413 [info] > git for-each-ref --format=%(refname)%00%(upstream:short)%00%(objectname)%00%(upstream:track)%00%(upstream:remotename)%00%(upstream:remoteref) refs/heads/main refs/remotes/main [4ms]
2023-03-10 15:40:47.426 [info] > git status -z -uall [3ms]
2023-03-10 15:40:47.467 [info] > git ls-files --stage -- /home/cp/cp-blog/CP-Snippets/TODO.md [1ms]
2023-03-10 15:40:47.479 [info] > git ls-files --stage -- /home/cp/cp-blog/CP-Snippets/index.html [27ms]
2023-03-10 15:40:47.491 [info] > git cat-file -s ccf0b400fa2e99a24d4bc182e0e6ea577f13bb35 [12ms]
2023-03-10 15:40:47.492 [info] > git cat-file -s f7eb9fe938840d148ef0daf87fecded4733b486c [5ms]
2023-03-10 15:40:47.537 [info] > git show --textconv :TODO.md [16ms]
2023-03-10 15:40:47.538 [info] > git show --textconv :index.html [4ms]
2023-03-10 15:40:50.639 [info] > git rev-parse --show-toplevel [2ms]
2023-03-10 15:40:50.639 [info] fatal: not a git repository (or any parent up to mount point /)
Stopping at filesystem boundary (GIT_DISCOVERY_ACROSS_FILESYSTEM not set).
2023-03-10 15:40:50.673 [info] > git rev-parse --show-toplevel [1ms]
2023-03-10 15:40:50.673 [info] fatal: not a git repository (or any parent up to mount point /)
Stopping at filesystem boundary (GIT_DISCOVERY_ACROSS_FILESYSTEM not set).
2023-03-10 15:40:52.450 [info] > git config --get commit.template [12ms]
2023-03-10 15:40:52.452 [info] > git for-each-ref --format=%(refname)%00%(upstream:short)%00%(objectname)%00%(upstream:track)%00%(upstream:remotename)%00%(upstream:remoteref) refs/heads/main refs/remotes/main [2ms]
2023-03-10 15:40:52.466 [info] > git status -z -uall [3ms]
2023-03-10 15:41:13.042 [info] > git -c user.useConfigOnly=true commit --quiet --allow-empty-message --file - [2ms]
2023-03-10 15:41:13.042 [info] Author identity unknown

*** Please tell me who you are.

Run

  git config --global user.email "you@example.com"
  git config --global user.name "Your Name"

to set your account's default identity.
Omit --global to set the identity only in this repository.

fatal: no email was given and auto-detection is disabled
2023-03-10 15:41:13.051 [info] > git config --get-all user.name [1ms]
2023-03-10 15:41:13.072 [info] > git config --get commit.template [11ms]
2023-03-10 15:41:13.072 [info] > git for-each-ref --format=%(refname)%00%(upstream:short)%00%(objectname)%00%(upstream:track)%00%(upstream:remotename)%00%(upstream:remoteref) refs/heads/main refs/remotes/main [1ms]
2023-03-10 15:41:13.086 [info] > git status -z -uall [2ms]
2023-03-10 15:44:00.053 [info] > git rev-parse --show-toplevel [2ms]
2023-03-10 15:44:00.053 [info] fatal: not a git repository (or any parent up to mount point /)
Stopping at filesystem boundary (GIT_DISCOVERY_ACROSS_FILESYSTEM not set).
2023-03-10 15:47:09.246 [info] > git config --get commit.template [18ms]
2023-03-10 15:47:09.357 [info] > git ls-files --stage -- /home/cp/cp-blog/CP-Snippets/index.html [100ms]
2023-03-10 15:47:09.366 [info] > git ls-files --stage -- /home/cp/cp-blog/CP-Snippets/TODO.md [98ms]
2023-03-10 15:47:09.377 [info] > git cat-file -s f7eb9fe938840d148ef0daf87fecded4733b486c [11ms]
2023-03-10 15:47:09.378 [info] > git for-each-ref --format=%(refname)%00%(upstream:short)%00%(objectname)%00%(upstream:track)%00%(upstream:remotename)%00%(upstream:remoteref) refs/heads/main refs/remotes/main [134ms]
2023-03-10 15:47:09.388 [info] > git cat-file -s ccf0b400fa2e99a24d4bc182e0e6ea577f13bb35 [10ms]
2023-03-10 15:47:09.404 [info] > git status -z -uall [17ms]
2023-03-10 15:47:09.404 [info] > git show --textconv :index.html [1ms]
2023-03-10 15:47:09.459 [info] > git show --textconv :TODO.md [2ms]
2023-03-10 15:49:25.454 [info] > git log --oneline --cherry main...main@{upstream} -- [3ms]
2023-03-10 15:49:26.284 [info] > git pull --tags origin main [814ms]
2023-03-10 15:49:26.284 [info] From https://github.com/theSoberSobber/CP-Snippets
 * branch            main       -> FETCH_HEAD
2023-03-10 15:49:27.534 [info] > git ls-files --stage -- /home/cp/cp-blog/CP-Snippets/TODO.md [1ms]
2023-03-10 15:49:27.544 [info] > git ls-files --stage -- /home/cp/cp-blog/CP-Snippets/index.html [20ms]
2023-03-10 15:49:27.552 [info] > git cat-file -s ccf0b400fa2e99a24d4bc182e0e6ea577f13bb35 [9ms]
2023-03-10 15:49:27.552 [info] > git cat-file -s f7eb9fe938840d148ef0daf87fecded4733b486c [1ms]
2023-03-10 15:49:27.567 [info] > git show --textconv :TODO.md [7ms]
2023-03-10 15:49:27.568 [info] > git show --textconv :index.html [1ms]
2023-03-10 15:49:39.522 [info] > git push origin main:main [13228ms]
2023-03-10 15:49:39.522 [info] To https://github.com/theSoberSobber/CP-Snippets.git
   d0160b3..e634193  main -> main
2023-03-10 15:49:39.538 [info] > git config --get commit.template [8ms]
2023-03-10 15:49:39.538 [info] > git for-each-ref --format=%(refname)%00%(upstream:short)%00%(objectname)%00%(upstream:track)%00%(upstream:remotename)%00%(upstream:remoteref) refs/heads/main refs/remotes/main [1ms]
2023-03-10 15:49:39.545 [info] > git status -z -uall [1ms]
2023-03-10 15:49:40.678 [info] > git config --get commit.template [9ms]
2023-03-10 15:49:40.679 [info] > git for-each-ref --format=%(refname)%00%(upstream:short)%00%(objectname)%00%(upstream:track)%00%(upstream:remotename)%00%(upstream:remoteref) refs/heads/main refs/remotes/main [1ms]
2023-03-10 15:49:40.690 [info] > git status -z -uall [2ms]
2023-03-10 15:49:40.777 [info] > git ls-files --stage -- /home/cp/cp-blog/CP-Snippets/index.html [9ms]
2023-03-10 15:49:40.786 [info] > git ls-files --stage -- /home/cp/cp-blog/CP-Snippets/TODO.md [10ms]
2023-03-10 15:49:40.793 [info] > git cat-file -s f7eb9fe938840d148ef0daf87fecded4733b486c [9ms]
2023-03-10 15:49:40.794 [info] > git cat-file -s ccf0b400fa2e99a24d4bc182e0e6ea577f13bb35 [1ms]
2023-03-10 15:49:40.810 [info] > git show --textconv :index.html [8ms]
2023-03-10 15:49:40.812 [info] > git show --textconv :TODO.md [2ms]
2023-03-10 15:49:44.156 [info] > git rev-parse --show-toplevel [17ms]
2023-03-10 15:49:44.156 [info] fatal: not a git repository (or any parent up to mount point /)
Stopping at filesystem boundary (GIT_DISCOVERY_ACROSS_FILESYSTEM not set).
2023-03-10 15:49:44.810 [info] > git fetch [664ms]
2023-03-10 15:49:44.818 [info] > git config --get commit.template [1ms]
2023-03-10 15:49:44.824 [info] > git for-each-ref --format=%(refname)%00%(upstream:short)%00%(objectname)%00%(upstream:track)%00%(upstream:remotename)%00%(upstream:remoteref) refs/heads/main refs/remotes/main [1ms]
2023-03-10 15:49:44.833 [info] > git status -z -uall [2ms]
2023-03-10 15:49:44.930 [info] > git fetch [775ms]
2023-03-10 15:49:44.950 [info] > git config --get commit.template [11ms]
2023-03-10 15:49:44.951 [info] > git for-each-ref --format=%(refname)%00%(upstream:short)%00%(objectname)%00%(upstream:track)%00%(upstream:remotename)%00%(upstream:remoteref) refs/heads/main refs/remotes/main [2ms]
2023-03-10 15:49:44.966 [info] > git status -z -uall [7ms]
2023-03-10 15:49:45.897 [info] > git config --get commit.template [1ms]
2023-03-10 15:49:45.907 [info] > git for-each-ref --format=%(refname)%00%(upstream:short)%00%(objectname)%00%(upstream:track)%00%(upstream:remotename)%00%(upstream:remoteref) refs/heads/main refs/remotes/main [1ms]
2023-03-10 15:49:45.920 [info] > git status -z -uall [2ms]
2023-03-10 15:49:46.076 [info] > git config --get commit.template [13ms]
2023-03-10 15:49:46.077 [info] > git for-each-ref --format=%(refname)%00%(upstream:short)%00%(objectname)%00%(upstream:track)%00%(upstream:remotename)%00%(upstream:remoteref) refs/heads/main refs/remotes/main [2ms]
2023-03-10 15:49:46.089 [info] > git status -z -uall [2ms]
2023-03-10 15:49:46.177 [info] > git ls-files --stage -- /home/cp/cp-blog/CP-Snippets/index.html [11ms]
2023-03-10 15:49:46.188 [info] > git cat-file -s f7eb9fe938840d148ef0daf87fecded4733b486c [1ms]
2023-03-10 15:49:46.189 [info] > git ls-files --stage -- /home/cp/cp-blog/CP-Snippets/TODO.md [13ms]
2023-03-10 15:49:46.202 [info] > git cat-file -s ccf0b400fa2e99a24d4bc182e0e6ea577f13bb35 [2ms]
2023-03-10 15:49:46.227 [info] > git show --textconv :index.html [13ms]
2023-03-10 15:49:46.230 [info] > git show --textconv :TODO.md [3ms]
