2023-03-11 11:08:49.453 [info] Log level: Info
2023-03-11 11:08:49.453 [info] Validating found git in: "git"
2023-03-11 11:08:49.453 [info] Using git "2.39.2" from "git"
2023-03-11 11:08:49.453 [info] > git rev-parse --show-toplevel [8ms]
2023-03-11 11:08:49.453 [info] fatal: not a git repository (or any parent up to mount point /)
Stopping at filesystem boundary (GIT_DISCOVERY_ACROSS_FILESYSTEM not set).
2023-03-11 11:08:49.453 [info] > git rev-parse --show-toplevel [16ms]
2023-03-11 11:08:49.453 [info] fatal: not a git repository (or any parent up to mount point /)
Stopping at filesystem boundary (GIT_DISCOVERY_ACROSS_FILESYSTEM not set).
2023-03-11 11:08:49.453 [info] > git rev-parse --show-toplevel [25ms]
2023-03-11 11:08:49.453 [info] fatal: not a git repository (or any parent up to mount point /)
Stopping at filesystem boundary (GIT_DISCOVERY_ACROSS_FILESYSTEM not set).
2023-03-11 11:08:49.453 [info] > git rev-parse --show-toplevel [2ms]
2023-03-11 11:08:49.453 [info] fatal: not a git repository (or any parent up to mount point /)
Stopping at filesystem boundary (GIT_DISCOVERY_ACROSS_FILESYSTEM not set).
2023-03-11 11:08:49.478 [info] > git rev-parse --show-toplevel [3ms]
2023-03-11 11:08:49.478 [info] fatal: not a git repository (or any parent up to mount point /)
Stopping at filesystem boundary (GIT_DISCOVERY_ACROSS_FILESYSTEM not set).
2023-03-11 11:08:49.788 [info] > git rev-parse --show-toplevel [2ms]
2023-03-11 11:08:49.788 [info] fatal: not a git repository (or any parent up to mount point /)
Stopping at filesystem boundary (GIT_DISCOVERY_ACROSS_FILESYSTEM not set).
2023-03-11 11:08:50.239 [info] > git rev-parse --show-toplevel [3ms]
2023-03-11 11:08:50.240 [info] fatal: not a git repository (or any parent up to mount point /)
Stopping at filesystem boundary (GIT_DISCOVERY_ACROSS_FILESYSTEM not set).
2023-03-11 11:08:50.694 [info] > git rev-parse --show-toplevel [1ms]
2023-03-11 11:08:50.694 [info] fatal: not a git repository (or any parent up to mount point /)
Stopping at filesystem boundary (GIT_DISCOVERY_ACROSS_FILESYSTEM not set).
2023-03-11 11:08:50.921 [info] > git rev-parse --show-toplevel [23ms]
2023-03-11 11:08:50.921 [info] fatal: not a git repository (or any parent up to mount point /)
Stopping at filesystem boundary (GIT_DISCOVERY_ACROSS_FILESYSTEM not set).
2023-03-11 11:08:51.471 [info] > git rev-parse --show-toplevel [28ms]
2023-03-11 11:08:51.471 [info] fatal: not a git repository (or any parent up to mount point /)
Stopping at filesystem boundary (GIT_DISCOVERY_ACROSS_FILESYSTEM not set).
